2026-01-12 20:16:15,343 [Worker-1: Loading available Gradle versions] INFO  o.e.b.c.i.u.g.PublishedGradleVersions - Gradle version information cache is not available. Remote download required.
2026-01-12 20:17:00,556 [Worker-17: Building] INFO  o.e.m.c.i.l.LifecycleMappingFactory - Using org.eclipse.m2e.jdt.JarLifecycleMapping lifecycle mapping for MavenProject: LetCode:PlayWrightLetCode:0.0.1-SNAPSHOT @ C:\Eclipse\PlayWright\PlayWrightLetCode\pom.xml.
2026-01-12 20:17:01,739 [Worker-17: Building] INFO  o.a.m.s.f.DefaultMavenResourcesFiltering - Copying 0 resource from src\main\resources to target\classes
2026-01-12 20:17:01,743 [Worker-17: Building] INFO  o.a.m.s.f.DefaultMavenResourcesFiltering - Copying 0 resource from src\test\resources to target\test-classes
2026-01-12 20:17:02,061 [Worker-13: Building] INFO  o.a.m.s.f.DefaultMavenResourcesFiltering - Copying 0 resource from src\main\resources to target\classes
2026-01-12 20:17:02,064 [Worker-13: Building] INFO  o.a.m.s.f.DefaultMavenResourcesFiltering - Copying 0 resource from src\test\resources to target\test-classes
2026-01-12 20:17:02,396 [Worker-13: Building] INFO  o.e.m.c.i.l.LifecycleMappingFactory - Using org.eclipse.m2e.jdt.JarLifecycleMapping lifecycle mapping for MavenProject: PlaywrightJava:PlaywrightJava:0.0.1-SNAPSHOT @ C:\Eclipse\PlayWright\PlaywrightJava\pom.xml.
2026-01-12 20:17:02,564 [Worker-13: Building] INFO  o.a.m.s.f.DefaultMavenResourcesFiltering - skip non existing resourceDirectory C:\Eclipse\PlayWright\PlaywrightJava\src\main\resources
2026-01-12 20:17:02,566 [Worker-13: Building] INFO  o.a.m.s.f.DefaultMavenResourcesFiltering - skip non existing resourceDirectory C:\Eclipse\PlayWright\PlaywrightJava\src\test\resources
2026-01-12 20:17:03,686 [Worker-4: Building] INFO  o.a.m.s.f.DefaultMavenResourcesFiltering - skip non existing resourceDirectory C:\Eclipse\PlayWright\PlaywrightJava\src\main\resources
2026-01-12 20:17:03,688 [Worker-4: Building] INFO  o.a.m.s.f.DefaultMavenResourcesFiltering - skip non existing resourceDirectory C:\Eclipse\PlayWright\PlaywrightJava\src\test\resources
2026-01-12 20:17:17,652 [Start Help Server] INFO  org.eclipse.jetty.server.Server - jetty-12.0.21; built: 2025-05-09T00:32:00.688Z; git: 1c4719601e31b05b7d68910d2edd980259f1f53c; jvm 21.0.7+6-LTS
2026-01-12 20:17:17,723 [Start Help Server] INFO  o.e.j.server.handler.ContextHandler - Started oeje8n.ContextHandler$CoreContextHandler@501ccd6a{/help,/help,b=null,a=AVAILABLE,h=oeje8n.ContextHandler$CoreContextHandler$CoreToNestedHandler@43db6f04{STARTED}}
2026-01-12 20:17:17,723 [Start Help Server] INFO  o.e.j.s.DefaultSessionIdManager - Session workerName=node0
2026-01-12 20:17:17,756 [Start Help Server] INFO  o.e.jetty.server.AbstractConnector - Started ServerConnector@ccd2c14{HTTP/1.1, (http/1.1)}{127.0.0.1:55309}
2026-01-12 20:17:17,764 [Start Help Server] INFO  org.eclipse.jetty.server.Server - Started oejs.Server@2d045a1b{STARTING}[12.0.21,sto=0] @128183ms
2026-01-12 20:18:43,299 [Stop Help Server] INFO  org.eclipse.jetty.server.Server - Stopped oejs.Server@2d045a1b{STOPPING}[12.0.21,sto=0]
2026-01-12 20:18:43,304 [Stop Help Server] INFO  o.e.jetty.server.AbstractConnector - Stopped ServerConnector@ccd2c14{HTTP/1.1, (http/1.1)}{127.0.0.1:0}
2026-01-12 20:18:53,358 [Worker-4: Loading available Gradle versions] INFO  o.e.b.c.i.u.g.PublishedGradleVersions - Gradle version information cache is up-to-date. Trying to read.
2026-01-12 20:18:58,149 [Start Help Server] INFO  org.eclipse.jetty.server.Server - jetty-12.0.21; built: 2025-05-09T00:32:00.688Z; git: 1c4719601e31b05b7d68910d2edd980259f1f53c; jvm 21.0.7+6-LTS
2026-01-12 20:18:58,177 [Start Help Server] INFO  o.e.j.server.handler.ContextHandler - Started oeje8n.ContextHandler$CoreContextHandler@34442c20{/help,/help,b=null,a=AVAILABLE,h=oeje8n.ContextHandler$CoreContextHandler$CoreToNestedHandler@475795ea{STARTED}}
2026-01-12 20:18:58,178 [Start Help Server] INFO  o.e.j.s.DefaultSessionIdManager - Session workerName=node0
2026-01-12 20:18:58,197 [Start Help Server] INFO  o.e.jetty.server.AbstractConnector - Started ServerConnector@89d2d03{HTTP/1.1, (http/1.1)}{127.0.0.1:65177}
2026-01-12 20:18:58,200 [Start Help Server] INFO  org.eclipse.jetty.server.Server - Started oejs.Server@6551e465{STARTING}[12.0.21,sto=0] @14765ms
2026-01-12 21:56:18,941 [Worker-59: Building] INFO  o.a.m.s.f.DefaultMavenResourcesFiltering - skip non existing resourceDirectory C:\Eclipse\PlayWright\PlaywrightJava\src\main\resources
2026-01-12 21:56:18,947 [Worker-59: Building] INFO  o.a.m.s.f.DefaultMavenResourcesFiltering - skip non existing resourceDirectory C:\Eclipse\PlayWright\PlaywrightJava\src\test\resources
2026-01-12 22:05:44,303 [Stop Help Server] INFO  org.eclipse.jetty.server.Server - Stopped oejs.Server@6551e465{STOPPING}[12.0.21,sto=0]
2026-01-12 22:05:44,310 [Stop Help Server] INFO  o.e.jetty.server.AbstractConnector - Stopped ServerConnector@89d2d03{HTTP/1.1, (http/1.1)}{127.0.0.1:0}
2026-01-13 10:09:14,257 [Worker-6: Loading available Gradle versions] INFO  o.e.b.c.i.u.g.PublishedGradleVersions - Gradle version information cache is up-to-date. Trying to read.
2026-01-13 13:48:05,414 [Worker-92: Building] INFO  o.a.m.s.f.DefaultMavenResourcesFiltering - Copying 0 resource from src\main\resources to target\classes
2026-01-13 13:48:05,426 [Worker-92: Building] INFO  o.a.m.s.f.DefaultMavenResourcesFiltering - Copying 0 resource from src\test\resources to target\test-classes
2026-01-13 13:48:06,459 [Worker-92: Building] INFO  o.a.m.s.f.DefaultMavenResourcesFiltering - skip non existing resourceDirectory C:\Eclipse\PlayWright\PlaywrightJava\src\main\resources
2026-01-13 13:48:06,462 [Worker-92: Building] INFO  o.a.m.s.f.DefaultMavenResourcesFiltering - skip non existing resourceDirectory C:\Eclipse\PlayWright\PlaywrightJava\src\test\resources
2026-01-13 13:48:33,537 [Worker-7: Loading available Gradle versions] INFO  o.e.b.c.i.u.g.PublishedGradleVersions - Gradle version information cache is up-to-date. Trying to read.
2026-01-13 13:49:50,375 [Worker-7: Loading available Gradle versions] INFO  o.e.b.c.i.u.g.PublishedGradleVersions - Gradle version information cache is up-to-date. Trying to read.
2026-01-13 14:07:32,935 [Worker-49: Building] INFO  o.a.m.s.f.DefaultMavenResourcesFiltering - Copying 0 resource from src\main\resources to target\classes
2026-01-13 14:07:32,948 [Worker-49: Building] INFO  o.a.m.s.f.DefaultMavenResourcesFiltering - Copying 0 resource from src\test\resources to target\test-classes
2026-01-13 14:07:34,094 [Worker-49: Building] INFO  o.a.m.s.f.DefaultMavenResourcesFiltering - skip non existing resourceDirectory C:\Eclipse\PlayWright\PlaywrightJava\src\main\resources
2026-01-13 14:07:34,096 [Worker-49: Building] INFO  o.a.m.s.f.DefaultMavenResourcesFiltering - skip non existing resourceDirectory C:\Eclipse\PlayWright\PlaywrightJava\src\test\resources
2026-01-13 14:08:19,438 [Worker-6: Loading available Gradle versions] INFO  o.e.b.c.i.u.g.PublishedGradleVersions - Gradle version information cache is up-to-date. Trying to read.
2026-01-13 14:08:25,802 [Worker-7: Building] INFO  o.a.m.s.f.DefaultMavenResourcesFiltering - Copying 0 resource from src\main\resources to target\classes
2026-01-13 14:08:25,814 [Worker-7: Building] INFO  o.a.m.s.f.DefaultMavenResourcesFiltering - Copying 0 resource from src\test\resources to target\test-classes
2026-01-13 14:08:27,215 [Worker-7: Building] INFO  o.a.m.s.f.DefaultMavenResourcesFiltering - skip non existing resourceDirectory C:\Eclipse\PlayWright\PlaywrightJava\src\main\resources
2026-01-13 14:08:27,218 [Worker-7: Building] INFO  o.a.m.s.f.DefaultMavenResourcesFiltering - skip non existing resourceDirectory C:\Eclipse\PlayWright\PlaywrightJava\src\test\resources
2026-01-13 14:10:15,945 [Worker-21: Building] INFO  o.a.m.s.f.DefaultMavenResourcesFiltering - Copying 0 resource from src\main\resources to target\classes
2026-01-13 14:10:15,950 [Worker-21: Building] INFO  o.a.m.s.f.DefaultMavenResourcesFiltering - Copying 0 resource from src\test\resources to target\test-classes
2026-01-13 14:10:16,097 [Worker-21: Building] INFO  o.a.m.s.f.DefaultMavenResourcesFiltering - skip non existing resourceDirectory C:\Eclipse\PlayWright\PlaywrightJava\src\main\resources
2026-01-13 14:10:16,100 [Worker-21: Building] INFO  o.a.m.s.f.DefaultMavenResourcesFiltering - skip non existing resourceDirectory C:\Eclipse\PlayWright\PlaywrightJava\src\test\resources
